Loading nvidia/nvhpc/22.11
  Loading requirement: gcc/8.2.0
==3806090== NVPROF is profiling process 3806090, command: ./a.out
Device 0 name: Tesla V100-SXM2-16GB
Maximum number of threads per block: 1024
Results:
Number rows x cols     524288; correct:     524288
==3806090== Profiling application: ./a.out
==3806090== Profiling result:
            Type  Time(%)      Time     Calls       Avg       Min       Max  Name
 GPU activities:   98.64%  1.6642ms         1  1.6642ms  1.6642ms  1.6642ms  [CUDA memcpy DtoH]
                    0.63%  10.560us         1  10.560us  10.560us  10.560us  [CUDA memset]
                    0.50%  8.3520us         1  8.3520us  8.3520us  8.3520us  myKernel(int, int, double, double*, double*, double*)
                    0.24%  4.0320us         2  2.0160us  1.7920us  2.2400us  [CUDA memcpy HtoD]
      API calls:   97.63%  113.47ms         3  37.823ms  3.1030us  113.40ms  cudaMalloc
                    1.94%  2.2531ms         3  751.05us  9.0440us  2.2133ms  cudaMemcpy
                    0.16%  186.21us         3  62.069us  11.216us  118.73us  cudaFree
                    0.09%  104.35us       101  1.0330us     126ns  44.546us  cuDeviceGetAttribute
                    0.07%  79.076us         1  79.076us  79.076us  79.076us  cudaGetDeviceProperties
                    0.03%  35.047us         1  35.047us  35.047us  35.047us  cudaMemset
                    0.02%  26.793us         1  26.793us  26.793us  26.793us  cudaGetDevice
                    0.02%  23.301us         1  23.301us  23.301us  23.301us  cudaLaunchKernel
                    0.02%  20.375us         1  20.375us  20.375us  20.375us  cuDeviceGetName
                    0.01%  11.204us         1  11.204us  11.204us  11.204us  cudaDeviceSynchronize
                    0.01%  6.7520us         1  6.7520us  6.7520us  6.7520us  cuDeviceGetPCIBusId
                    0.01%  6.0840us         1  6.0840us  6.0840us  6.0840us  cudaGetDeviceCount
                    0.00%  1.1960us         3     398ns     210ns     672ns  cuDeviceGetCount
                    0.00%     742ns         2     371ns     184ns     558ns  cuDeviceGet
                    0.00%     327ns         1     327ns     327ns     327ns  cuDeviceTotalMem
                    0.00%     304ns         1     304ns     304ns     304ns  cudaPeekAtLastError
                    0.00%     243ns         1     243ns     243ns     243ns  cuDeviceGetUuid
