Loading nvidia/nvhpc/22.11
  Loading requirement: gcc/8.2.0
==3873398== NVPROF is profiling process 3873398, command: ./a.out
Device name: Tesla V100-SXM2-16GB
Maximum number of threads per block: 1024
Results:
No. rows 1024, and correct rows 0
==3873398== Profiling application: ./a.out
==3873398== Profiling result:
            Type  Time(%)      Time     Calls       Avg       Min       Max  Name
 GPU activities:   96.11%  1.6221ms         3  540.70us  2.2400us  1.6176ms  [CUDA memcpy HtoD]
                    3.76%  63.392us         1  63.392us  63.392us  63.392us  myKernel(int, int, double, double*, double*, double*)
                    0.13%  2.2720us         1  2.2720us  2.2720us  2.2720us  [CUDA memcpy DtoH]
      API calls:   97.97%  114.88ms         3  38.293ms  3.2260us  114.80ms  cudaMalloc
                    1.56%  1.8243ms         4  456.07us  10.789us  1.7585ms  cudaMemcpy
                    0.16%  185.54us         3  61.848us  5.3480us  123.61us  cudaFree
                    0.09%  100.82us       101     998ns     122ns  41.680us  cuDeviceGetAttribute
                    0.08%  95.907us         1  95.907us  95.907us  95.907us  cudaDeviceSynchronize
                    0.07%  77.620us         1  77.620us  77.620us  77.620us  cudaGetDeviceProperties
                    0.03%  36.338us         1  36.338us  36.338us  36.338us  cudaLaunchKernel
                    0.02%  22.115us         1  22.115us  22.115us  22.115us  cudaGetDevice
                    0.02%  19.963us         1  19.963us  19.963us  19.963us  cuDeviceGetName
                    0.01%  6.9070us         1  6.9070us  6.9070us  6.9070us  cuDeviceGetPCIBusId
                    0.01%  6.3200us         1  6.3200us  6.3200us  6.3200us  cudaGetDeviceCount
                    0.00%  1.3570us         3     452ns     160ns     875ns  cuDeviceGetCount
                    0.00%     830ns         2     415ns     214ns     616ns  cuDeviceGet
                    0.00%     303ns         1     303ns     303ns     303ns  cudaPeekAtLastError
                    0.00%     258ns         1     258ns     258ns     258ns  cuDeviceTotalMem
                    0.00%     231ns         1     231ns     231ns     231ns  cuDeviceGetUuid
