Loading nvidia/nvhpc/22.11
  Loading requirement: gcc/8.2.0
==3872745== NVPROF is profiling process 3872745, command: ./a.out
Line 159 (exercise_dgemv.cu): cudaErrorIllegalAddress: an illegal memory access was encountered
Device name: Tesla V100-SXM2-16GB
Maximum number of threads per block: 1024
==3872745== Profiling application: ./a.out
==3872745== Warning: 1 records have invalid timestamps due to insufficient device buffer space. You can configure the buffer space using the option --device-buffer-size.
==3872745== Profiling result:
            Type  Time(%)      Time     Calls       Avg       Min       Max  Name
 GPU activities:  100.00%  1.6127ms         3  537.57us  2.2400us  1.6082ms  [CUDA memcpy HtoD]
      API calls:   69.05%  138.87ms         3  46.289ms  3.4570us  138.79ms  cudaMalloc
                   29.58%  59.481ms         1  59.481ms  59.481ms  59.481ms  cudaDeviceSynchronize
                    0.90%  1.8012ms         3  600.40us  10.819us  1.7523ms  cudaMemcpy
                    0.34%  689.09us         1  689.09us  689.09us  689.09us  cudaLaunchKernel
                    0.05%  103.06us       101  1.0200us     118ns  43.833us  cuDeviceGetAttribute
                    0.04%  77.956us         1  77.956us  77.956us  77.956us  cudaGetDeviceProperties
                    0.01%  23.320us         1  23.320us  23.320us  23.320us  cudaGetErrorString
                    0.01%  20.148us         1  20.148us  20.148us  20.148us  cuDeviceGetName
                    0.01%  18.825us         1  18.825us  18.825us  18.825us  cudaGetDevice
                    0.00%  7.0420us         1  7.0420us  7.0420us  7.0420us  cuDeviceGetPCIBusId
                    0.00%  6.0550us         1  6.0550us  6.0550us  6.0550us  cudaGetDeviceCount
                    0.00%  1.2380us         3     412ns     202ns     680ns  cuDeviceGetCount
                    0.00%     961ns         2     480ns     225ns     736ns  cuDeviceGet
                    0.00%     344ns         1     344ns     344ns     344ns  cudaPeekAtLastError
                    0.00%     260ns         1     260ns     260ns     260ns  cuDeviceTotalMem
                    0.00%     247ns         1     247ns     247ns     247ns  cudaGetErrorName
                    0.00%     198ns         1     198ns     198ns     198ns  cuDeviceGetUuid
======== Error: Application returned non-zero code 188
