Loading nvidia/nvhpc/22.11
  Loading requirement: gcc/8.2.0
==3877392== NVPROF is profiling process 3877392, command: ./a.out
Device name: Tesla V100-SXM2-16GB
Maximum number of threads per block: 1024
Results:
No. rows 1500, and correct rows 1500
==3877392== Profiling application: ./a.out
==3877392== Profiling result:
            Type  Time(%)      Time     Calls       Avg       Min       Max  Name
 GPU activities:   97.81%  3.6294ms         3  1.2098ms  2.6560us  3.6241ms  [CUDA memcpy HtoD]
                    2.11%  78.399us         1  78.399us  78.399us  78.399us  myKernel(int, int, double, double*, double*, double*)
                    0.08%  2.7830us         1  2.7830us  2.7830us  2.7830us  [CUDA memcpy DtoH]
      API calls:   96.25%  113.69ms         3  37.896ms  4.2660us  113.60ms  cudaMalloc
                    3.27%  3.8656ms         4  966.40us  12.807us  3.7930ms  cudaMemcpy
                    0.16%  194.51us         3  64.836us  5.5590us  137.10us  cudaFree
                    0.09%  100.91us       101     999ns     125ns  42.641us  cuDeviceGetAttribute
                    0.07%  81.194us         1  81.194us  81.194us  81.194us  cudaDeviceSynchronize
                    0.07%  77.855us         1  77.855us  77.855us  77.855us  cudaGetDeviceProperties
                    0.04%  45.925us         1  45.925us  45.925us  45.925us  cudaLaunchKernel
                    0.02%  19.224us         1  19.224us  19.224us  19.224us  cudaGetDevice
                    0.02%  19.042us         1  19.042us  19.042us  19.042us  cuDeviceGetName
                    0.01%  8.3320us         1  8.3320us  8.3320us  8.3320us  cuDeviceGetPCIBusId
                    0.01%  6.4260us         1  6.4260us  6.4260us  6.4260us  cudaGetDeviceCount
                    0.00%  4.4010us         2  2.2000us     200ns  4.2010us  cuDeviceGet
                    0.00%  1.2700us         3     423ns     176ns     894ns  cuDeviceGetCount
                    0.00%     374ns         1     374ns     374ns     374ns  cudaPeekAtLastError
                    0.00%     239ns         1     239ns     239ns     239ns  cuDeviceTotalMem
                    0.00%     215ns         1     215ns     215ns     215ns  cuDeviceGetUuid
