Loading nvidia/nvhpc/22.11
  Loading requirement: gcc/8.2.0
==3875349== NVPROF is profiling process 3875349, command: ./a.out
Line 157 (exercise_dgemv.cu): cudaErrorIllegalAddress: an illegal memory access was encountered
Device name: Tesla V100-SXM2-16GB
Maximum number of threads per block: 1024
==3875349== Profiling application: ./a.out
==3875349== Warning: 1 records have invalid timestamps due to insufficient device buffer space. You can configure the buffer space using the option --device-buffer-size.
==3875349== Profiling result:
            Type  Time(%)      Time     Calls       Avg       Min       Max  Name
 GPU activities:  100.00%  1.6045ms         3  534.85us  2.2720us  1.6000ms  [CUDA memcpy HtoD]
      API calls:   82.12%  115.74ms         3  38.580ms  3.5050us  115.66ms  cudaMalloc
                   16.38%  23.090ms         1  23.090ms  23.090ms  23.090ms  cudaDeviceSynchronize
                    1.27%  1.7959ms         3  598.62us  11.202us  1.7523ms  cudaMemcpy
                    0.07%  100.57us       101     995ns     121ns  42.285us  cuDeviceGetAttribute
                    0.06%  77.874us         1  77.874us  77.874us  77.874us  cudaGetDeviceProperties
                    0.04%  52.230us         1  52.230us  52.230us  52.230us  cudaLaunchKernel
                    0.02%  22.415us         1  22.415us  22.415us  22.415us  cudaGetDevice
                    0.01%  20.263us         1  20.263us  20.263us  20.263us  cuDeviceGetName
                    0.01%  17.349us         1  17.349us  17.349us  17.349us  cudaGetErrorString
                    0.01%  8.4780us         1  8.4780us  8.4780us  8.4780us  cuDeviceGetPCIBusId
                    0.00%  6.1130us         1  6.1130us  6.1130us  6.1130us  cudaGetDeviceCount
                    0.00%  1.2590us         3     419ns     187ns     842ns  cuDeviceGetCount
                    0.00%     722ns         2     361ns     145ns     577ns  cuDeviceGet
                    0.00%     428ns         1     428ns     428ns     428ns  cuDeviceTotalMem
                    0.00%     230ns         1     230ns     230ns     230ns  cudaGetErrorName
                    0.00%     220ns         1     220ns     220ns     220ns  cuDeviceGetUuid
                    0.00%     192ns         1     192ns     192ns     192ns  cudaPeekAtLastError
======== Error: Application returned non-zero code 188
