Loading nvidia/nvhpc/22.11
  Loading requirement: gcc/8.2.0
==3875535== NVPROF is profiling process 3875535, command: ./a.out
Device name: Tesla V100-SXM2-16GB
Maximum number of threads per block: 1024
Results:
Row     0  0.0000000e+00  0.0000000e+00
Row     1  1.0475520e+06  1.0475520e+06
Row     2  2.0951040e+06  2.0951040e+06
Row     3  3.1426560e+06  3.1426560e+06
Row     4  4.1902080e+06  4.1902080e+06
Row     5  5.2377600e+06  5.2377600e+06
Row     6  6.2853120e+06  6.2853120e+06
Row     7  7.3328640e+06  7.3328640e+06
Row     8  8.3804160e+06  8.3804160e+06
Row     9  9.4279680e+06  9.4279680e+06
Row    10  1.0475520e+07  1.0475520e+07
Row    11  1.1523072e+07  1.1523072e+07
Row    12  1.2570624e+07  1.2570624e+07
Row    13  1.3618176e+07  1.3618176e+07
Row    14  1.4665728e+07  1.4665728e+07
Row    15  1.5713280e+07  1.5713280e+07
Row    16  1.6760832e+07  1.6760832e+07
Row    17  1.7808384e+07  1.7808384e+07
Row    18  1.8855936e+07  1.8855936e+07
Row    19  1.9903488e+07  1.9903488e+07
Row    20  2.0951040e+07  2.0951040e+07
Row    21  2.1998592e+07  2.1998592e+07
Row    22  2.3046144e+07  2.3046144e+07
Row    23  2.4093696e+07  2.4093696e+07
Row    24  2.5141248e+07  2.5141248e+07
Row    25  2.6188800e+07  2.6188800e+07
Row    26  2.7236352e+07  2.7236352e+07
Row    27  2.8283904e+07  2.8283904e+07
Row    28  2.9331456e+07  2.9331456e+07
Row    29  3.0379008e+07  3.0379008e+07
Row    30  3.1426560e+07  3.1426560e+07
Row    31  3.2474112e+07  3.2474112e+07
Row    32  3.3521664e+07  3.3521664e+07
Row    33  3.4569216e+07  3.4569216e+07
Row    34  3.5616768e+07  3.5616768e+07
Row    35  3.6664320e+07  3.6664320e+07
Row    36  3.7711872e+07  3.7711872e+07
Row    37  3.8759424e+07  3.8759424e+07
Row    38  3.9806976e+07  3.9806976e+07
Row    39  4.0854528e+07  4.0854528e+07
Row    40  4.1902080e+07  4.1902080e+07
Row    41  4.2949632e+07  4.2949632e+07
Row    42  4.3997184e+07  4.3997184e+07
Row    43  4.5044736e+07  4.5044736e+07
Row    44  4.6092288e+07  4.6092288e+07
Row    45  4.7139840e+07  4.7139840e+07
Row    46  4.8187392e+07  4.8187392e+07
Row    47  4.9234944e+07  4.9234944e+07
Row    48  5.0282496e+07  5.0282496e+07
Row    49  5.1330048e+07  5.1330048e+07
Row    50  5.2377600e+07  5.2377600e+07
Row    51  5.3425152e+07  5.3425152e+07
Row    52  5.4472704e+07  5.4472704e+07
Row    53  5.5520256e+07  5.5520256e+07
Row    54  5.6567808e+07  5.6567808e+07
Row    55  5.7615360e+07  5.7615360e+07
Row    56  5.8662912e+07  5.8662912e+07
Row    57  5.9710464e+07  5.9710464e+07
Row    58  6.0758016e+07  6.0758016e+07
Row    59  6.1805568e+07  6.1805568e+07
Row    60  6.2853120e+07  6.2853120e+07
Row    61  6.3900672e+07  6.3900672e+07
Row    62  6.4948224e+07  6.4948224e+07
Row    63  6.5995776e+07  6.5995776e+07
Row    64  6.7043328e+07  6.7043328e+07
Row    65  6.8090880e+07  6.8090880e+07
Row    66  6.9138432e+07  6.9138432e+07
Row    67  7.0185984e+07  7.0185984e+07
Row    68  7.1233536e+07  7.1233536e+07
Row    69  7.2281088e+07  7.2281088e+07
Row    70  7.3328640e+07  7.3328640e+07
Row    71  7.4376192e+07  7.4376192e+07
Row    72  7.5423744e+07  7.5423744e+07
Row    73  7.6471296e+07  7.6471296e+07
Row    74  7.7518848e+07  7.7518848e+07
Row    75  7.8566400e+07  7.8566400e+07
Row    76  7.9613952e+07  7.9613952e+07
Row    77  8.0661504e+07  8.0661504e+07
Row    78  8.1709056e+07  8.1709056e+07
Row    79  8.2756608e+07  8.2756608e+07
Row    80  8.3804160e+07  8.3804160e+07
Row    81  8.4851712e+07  8.4851712e+07
Row    82  8.5899264e+07  8.5899264e+07
Row    83  8.6946816e+07  8.6946816e+07
Row    84  8.7994368e+07  8.7994368e+07
Row    85  8.9041920e+07  8.9041920e+07
Row    86  9.0089472e+07  9.0089472e+07
Row    87  9.1137024e+07  9.1137024e+07
Row    88  9.2184576e+07  9.2184576e+07
Row    89  9.3232128e+07  9.3232128e+07
Row    90  9.4279680e+07  9.4279680e+07
Row    91  9.5327232e+07  9.5327232e+07
Row    92  9.6374784e+07  9.6374784e+07
Row    93  9.7422336e+07  9.7422336e+07
Row    94  9.8469888e+07  9.8469888e+07
Row    95  9.9517440e+07  9.9517440e+07
Row    96  1.0056499e+08  1.0056499e+08
Row    97  1.0161254e+08  1.0161254e+08
Row    98  1.0266010e+08  1.0266010e+08
Row    99  1.0370765e+08  1.0370765e+08
Row   100  1.0475520e+08  1.0475520e+08
Row   101  1.0580275e+08  1.0580275e+08
Row   102  1.0685030e+08  1.0685030e+08
Row   103  1.0789786e+08  1.0789786e+08
Row   104  1.0894541e+08  1.0894541e+08
Row   105  1.0999296e+08  1.0999296e+08
Row   106  1.1104051e+08  1.1104051e+08
Row   107  1.1208806e+08  1.1208806e+08
Row   108  1.1313562e+08  1.1313562e+08
Row   109  1.1418317e+08  1.1418317e+08
Row   110  1.1523072e+08  1.1523072e+08
Row   111  1.1627827e+08  1.1627827e+08
Row   112  1.1732582e+08  1.1732582e+08
Row   113  1.1837338e+08  1.1837338e+08
Row   114  1.1942093e+08  1.1942093e+08
Row   115  1.2046848e+08  1.2046848e+08
Row   116  1.2151603e+08  1.2151603e+08
Row   117  1.2256358e+08  1.2256358e+08
Row   118  1.2361114e+08  1.2361114e+08
Row   119  1.2465869e+08  1.2465869e+08
Row   120  1.2570624e+08  1.2570624e+08
Row   121  1.2675379e+08  1.2675379e+08
Row   122  1.2780134e+08  1.2780134e+08
Row   123  1.2884890e+08  1.2884890e+08
Row   124  1.2989645e+08  1.2989645e+08
Row   125  1.3094400e+08  1.3094400e+08
Row   126  1.3199155e+08  1.3199155e+08
Row   127  1.3303910e+08  1.3303910e+08
Row   128  1.3408666e+08  1.3408666e+08
Row   129  1.3513421e+08  1.3513421e+08
Row   130  1.3618176e+08  1.3618176e+08
Row   131  1.3722931e+08  1.3722931e+08
Row   132  1.3827686e+08  1.3827686e+08
Row   133  1.3932442e+08  1.3932442e+08
Row   134  1.4037197e+08  1.4037197e+08
Row   135  1.4141952e+08  1.4141952e+08
Row   136  1.4246707e+08  1.4246707e+08
Row   137  1.4351462e+08  1.4351462e+08
Row   138  1.4456218e+08  1.4456218e+08
Row   139  1.4560973e+08  1.4560973e+08
Row   140  1.4665728e+08  1.4665728e+08
Row   141  1.4770483e+08  1.4770483e+08
Row   142  1.4875238e+08  1.4875238e+08
Row   143  1.4979994e+08  1.4979994e+08
Row   144  1.5084749e+08  1.5084749e+08
Row   145  1.5189504e+08  1.5189504e+08
Row   146  1.5294259e+08  1.5294259e+08
Row   147  1.5399014e+08  1.5399014e+08
Row   148  1.5503770e+08  1.5503770e+08
Row   149  1.5608525e+08  1.5608525e+08
Row   150  1.5713280e+08  1.5713280e+08
Row   151  1.5818035e+08  1.5818035e+08
Row   152  1.5922790e+08  1.5922790e+08
Row   153  1.6027546e+08  1.6027546e+08
Row   154  1.6132301e+08  1.6132301e+08
Row   155  1.6237056e+08  1.6237056e+08
Row   156  1.6341811e+08  1.6341811e+08
Row   157  1.6446566e+08  1.6446566e+08
Row   158  1.6551322e+08  1.6551322e+08
Row   159  1.6656077e+08  1.6656077e+08
Row   160  1.6760832e+08  1.6760832e+08
Row   161  1.6865587e+08  1.6865587e+08
Row   162  1.6970342e+08  1.6970342e+08
Row   163  1.7075098e+08  1.7075098e+08
Row   164  1.7179853e+08  1.7179853e+08
Row   165  1.7284608e+08  1.7284608e+08
Row   166  1.7389363e+08  1.7389363e+08
Row   167  1.7494118e+08  1.7494118e+08
Row   168  1.7598874e+08  1.7598874e+08
Row   169  1.7703629e+08  1.7703629e+08
Row   170  1.7808384e+08  1.7808384e+08
Row   171  1.7913139e+08  1.7913139e+08
Row   172  1.8017894e+08  1.8017894e+08
Row   173  1.8122650e+08  1.8122650e+08
Row   174  1.8227405e+08  1.8227405e+08
Row   175  1.8332160e+08  1.8332160e+08
Row   176  1.8436915e+08  1.8436915e+08
Row   177  1.8541670e+08  1.8541670e+08
Row   178  1.8646426e+08  1.8646426e+08
Row   179  1.8751181e+08  1.8751181e+08
Row   180  1.8855936e+08  1.8855936e+08
Row   181  1.8960691e+08  1.8960691e+08
Row   182  1.9065446e+08  1.9065446e+08
Row   183  1.9170202e+08  1.9170202e+08
Row   184  1.9274957e+08  1.9274957e+08
Row   185  1.9379712e+08  1.9379712e+08
Row   186  1.9484467e+08  1.9484467e+08
Row   187  1.9589222e+08  1.9589222e+08
Row   188  1.9693978e+08  1.9693978e+08
Row   189  1.9798733e+08  1.9798733e+08
Row   190  1.9903488e+08  1.9903488e+08
Row   191  2.0008243e+08  2.0008243e+08
Row   192  2.0112998e+08  2.0112998e+08
Row   193  2.0217754e+08  2.0217754e+08
Row   194  2.0322509e+08  2.0322509e+08
Row   195  2.0427264e+08  2.0427264e+08
Row   196  2.0532019e+08  2.0532019e+08
Row   197  2.0636774e+08  2.0636774e+08
Row   198  2.0741530e+08  2.0741530e+08
Row   199  2.0846285e+08  2.0846285e+08
Row   200  2.0951040e+08  2.0951040e+08
Row   201  2.1055795e+08  2.1055795e+08
Row   202  2.1160550e+08  2.1160550e+08
Row   203  2.1265306e+08  2.1265306e+08
Row   204  2.1370061e+08  2.1370061e+08
Row   205  2.1474816e+08  2.1474816e+08
Row   206  2.1579571e+08  2.1579571e+08
Row   207  2.1684326e+08  2.1684326e+08
Row   208  2.1789082e+08  2.1789082e+08
Row   209  2.1893837e+08  2.1893837e+08
Row   210  2.1998592e+08  2.1998592e+08
Row   211  2.2103347e+08  2.2103347e+08
Row   212  2.2208102e+08  2.2208102e+08
Row   213  2.2312858e+08  2.2312858e+08
Row   214  2.2417613e+08  2.2417613e+08
Row   215  2.2522368e+08  2.2522368e+08
Row   216  2.2627123e+08  2.2627123e+08
Row   217  2.2731878e+08  2.2731878e+08
Row   218  2.2836634e+08  2.2836634e+08
Row   219  2.2941389e+08  2.2941389e+08
Row   220  2.3046144e+08  2.3046144e+08
Row   221  2.3150899e+08  2.3150899e+08
Row   222  2.3255654e+08  2.3255654e+08
Row   223  2.3360410e+08  2.3360410e+08
Row   224  2.3465165e+08  2.3465165e+08
Row   225  2.3569920e+08  2.3569920e+08
Row   226  2.3674675e+08  2.3674675e+08
Row   227  2.3779430e+08  2.3779430e+08
Row   228  2.3884186e+08  2.3884186e+08
Row   229  2.3988941e+08  2.3988941e+08
Row   230  2.4093696e+08  2.4093696e+08
Row   231  2.4198451e+08  2.4198451e+08
Row   232  2.4303206e+08  2.4303206e+08
Row   233  2.4407962e+08  2.4407962e+08
Row   234  2.4512717e+08  2.4512717e+08
Row   235  2.4617472e+08  2.4617472e+08
Row   236  2.4722227e+08  2.4722227e+08
Row   237  2.4826982e+08  2.4826982e+08
Row   238  2.4931738e+08  2.4931738e+08
Row   239  2.5036493e+08  2.5036493e+08
Row   240  2.5141248e+08  2.5141248e+08
Row   241  2.5246003e+08  2.5246003e+08
Row   242  2.5350758e+08  2.5350758e+08
Row   243  2.5455514e+08  2.5455514e+08
Row   244  2.5560269e+08  2.5560269e+08
Row   245  2.5665024e+08  2.5665024e+08
Row   246  2.5769779e+08  2.5769779e+08
Row   247  2.5874534e+08  2.5874534e+08
Row   248  2.5979290e+08  2.5979290e+08
Row   249  2.6084045e+08  2.6084045e+08
Row   250  2.6188800e+08  2.6188800e+08
Row   251  2.6293555e+08  2.6293555e+08
Row   252  2.6398310e+08  2.6398310e+08
Row   253  2.6503066e+08  2.6503066e+08
Row   254  2.6607821e+08  2.6607821e+08
Row   255  2.6712576e+08  2.6712576e+08
Row   256  2.6817331e+08  2.6817331e+08
Row   257  2.6922086e+08  2.6922086e+08
Row   258  2.7026842e+08  2.7026842e+08
Row   259  2.7131597e+08  2.7131597e+08
Row   260  2.7236352e+08  2.7236352e+08
Row   261  2.7341107e+08  2.7341107e+08
Row   262  2.7445862e+08  2.7445862e+08
Row   263  2.7550618e+08  2.7550618e+08
Row   264  2.7655373e+08  2.7655373e+08
Row   265  2.7760128e+08  2.7760128e+08
Row   266  2.7864883e+08  2.7864883e+08
Row   267  2.7969638e+08  2.7969638e+08
Row   268  2.8074394e+08  2.8074394e+08
Row   269  2.8179149e+08  2.8179149e+08
Row   270  2.8283904e+08  2.8283904e+08
Row   271  2.8388659e+08  2.8388659e+08
Row   272  2.8493414e+08  2.8493414e+08
Row   273  2.8598170e+08  2.8598170e+08
Row   274  2.8702925e+08  2.8702925e+08
Row   275  2.8807680e+08  2.8807680e+08
Row   276  2.8912435e+08  2.8912435e+08
Row   277  2.9017190e+08  2.9017190e+08
Row   278  2.9121946e+08  2.9121946e+08
Row   279  2.9226701e+08  2.9226701e+08
Row   280  2.9331456e+08  2.9331456e+08
Row   281  2.9436211e+08  2.9436211e+08
Row   282  2.9540966e+08  2.9540966e+08
Row   283  2.9645722e+08  2.9645722e+08
Row   284  2.9750477e+08  2.9750477e+08
Row   285  2.9855232e+08  2.9855232e+08
Row   286  2.9959987e+08  2.9959987e+08
Row   287  3.0064742e+08  3.0064742e+08
Row   288  3.0169498e+08  3.0169498e+08
Row   289  3.0274253e+08  3.0274253e+08
Row   290  3.0379008e+08  3.0379008e+08
Row   291  3.0483763e+08  3.0483763e+08
Row   292  3.0588518e+08  3.0588518e+08
Row   293  3.0693274e+08  3.0693274e+08
Row   294  3.0798029e+08  3.0798029e+08
Row   295  3.0902784e+08  3.0902784e+08
Row   296  3.1007539e+08  3.1007539e+08
Row   297  3.1112294e+08  3.1112294e+08
Row   298  3.1217050e+08  3.1217050e+08
Row   299  3.1321805e+08  3.1321805e+08
Row   300  3.1426560e+08  3.1426560e+08
Row   301  3.1531315e+08  3.1531315e+08
Row   302  3.1636070e+08  3.1636070e+08
Row   303  3.1740826e+08  3.1740826e+08
Row   304  3.1845581e+08  3.1845581e+08
Row   305  3.1950336e+08  3.1950336e+08
Row   306  3.2055091e+08  3.2055091e+08
Row   307  3.2159846e+08  3.2159846e+08
Row   308  3.2264602e+08  3.2264602e+08
Row   309  3.2369357e+08  3.2369357e+08
Row   310  3.2474112e+08  3.2474112e+08
Row   311  3.2578867e+08  3.2578867e+08
Row   312  3.2683622e+08  3.2683622e+08
Row   313  3.2788378e+08  3.2788378e+08
Row   314  3.2893133e+08  3.2893133e+08
Row   315  3.2997888e+08  3.2997888e+08
Row   316  3.3102643e+08  3.3102643e+08
Row   317  3.3207398e+08  3.3207398e+08
Row   318  3.3312154e+08  3.3312154e+08
Row   319  3.3416909e+08  3.3416909e+08
Row   320  3.3521664e+08  3.3521664e+08
Row   321  3.3626419e+08  3.3626419e+08
Row   322  3.3731174e+08  3.3731174e+08
Row   323  3.3835930e+08  3.3835930e+08
Row   324  3.3940685e+08  3.3940685e+08
Row   325  3.4045440e+08  3.4045440e+08
Row   326  3.4150195e+08  3.4150195e+08
Row   327  3.4254950e+08  3.4254950e+08
Row   328  3.4359706e+08  3.4359706e+08
Row   329  3.4464461e+08  3.4464461e+08
Row   330  3.4569216e+08  3.4569216e+08
Row   331  3.4673971e+08  3.4673971e+08
Row   332  3.4778726e+08  3.4778726e+08
Row   333  3.4883482e+08  3.4883482e+08
Row   334  3.4988237e+08  3.4988237e+08
Row   335  3.5092992e+08  3.5092992e+08
Row   336  3.5197747e+08  3.5197747e+08
Row   337  3.5302502e+08  3.5302502e+08
Row   338  3.5407258e+08  3.5407258e+08
Row   339  3.5512013e+08  3.5512013e+08
Row   340  3.5616768e+08  3.5616768e+08
Row   341  3.5721523e+08  3.5721523e+08
Row   342  3.5826278e+08  3.5826278e+08
Row   343  3.5931034e+08  3.5931034e+08
Row   344  3.6035789e+08  3.6035789e+08
Row   345  3.6140544e+08  3.6140544e+08
Row   346  3.6245299e+08  3.6245299e+08
Row   347  3.6350054e+08  3.6350054e+08
Row   348  3.6454810e+08  3.6454810e+08
Row   349  3.6559565e+08  3.6559565e+08
Row   350  3.6664320e+08  3.6664320e+08
Row   351  3.6769075e+08  3.6769075e+08
Row   352  3.6873830e+08  3.6873830e+08
Row   353  3.6978586e+08  3.6978586e+08
Row   354  3.7083341e+08  3.7083341e+08
Row   355  3.7188096e+08  3.7188096e+08
Row   356  3.7292851e+08  3.7292851e+08
Row   357  3.7397606e+08  3.7397606e+08
Row   358  3.7502362e+08  3.7502362e+08
Row   359  3.7607117e+08  3.7607117e+08
Row   360  3.7711872e+08  3.7711872e+08
Row   361  3.7816627e+08  3.7816627e+08
Row   362  3.7921382e+08  3.7921382e+08
Row   363  3.8026138e+08  3.8026138e+08
Row   364  3.8130893e+08  3.8130893e+08
Row   365  3.8235648e+08  3.8235648e+08
Row   366  3.8340403e+08  3.8340403e+08
Row   367  3.8445158e+08  3.8445158e+08
Row   368  3.8549914e+08  3.8549914e+08
Row   369  3.8654669e+08  3.8654669e+08
Row   370  3.8759424e+08  3.8759424e+08
Row   371  3.8864179e+08  3.8864179e+08
Row   372  3.8968934e+08  3.8968934e+08
Row   373  3.9073690e+08  3.9073690e+08
Row   374  3.9178445e+08  3.9178445e+08
Row   375  3.9283200e+08  3.9283200e+08
Row   376  3.9387955e+08  3.9387955e+08
Row   377  3.9492710e+08  3.9492710e+08
Row   378  3.9597466e+08  3.9597466e+08
Row   379  3.9702221e+08  3.9702221e+08
Row   380  3.9806976e+08  3.9806976e+08
Row   381  3.9911731e+08  3.9911731e+08
Row   382  4.0016486e+08  4.0016486e+08
Row   383  4.0121242e+08  4.0121242e+08
Row   384  4.0225997e+08  4.0225997e+08
Row   385  4.0330752e+08  4.0330752e+08
Row   386  4.0435507e+08  4.0435507e+08
Row   387  4.0540262e+08  4.0540262e+08
Row   388  4.0645018e+08  4.0645018e+08
Row   389  4.0749773e+08  4.0749773e+08
Row   390  4.0854528e+08  4.0854528e+08
Row   391  4.0959283e+08  4.0959283e+08
Row   392  4.1064038e+08  4.1064038e+08
Row   393  4.1168794e+08  4.1168794e+08
Row   394  4.1273549e+08  4.1273549e+08
Row   395  4.1378304e+08  4.1378304e+08
Row   396  4.1483059e+08  4.1483059e+08
Row   397  4.1587814e+08  4.1587814e+08
Row   398  4.1692570e+08  4.1692570e+08
Row   399  4.1797325e+08  4.1797325e+08
Row   400  4.1902080e+08  4.1902080e+08
Row   401  4.2006835e+08  4.2006835e+08
Row   402  4.2111590e+08  4.2111590e+08
Row   403  4.2216346e+08  4.2216346e+08
Row   404  4.2321101e+08  4.2321101e+08
Row   405  4.2425856e+08  4.2425856e+08
Row   406  4.2530611e+08  4.2530611e+08
Row   407  4.2635366e+08  4.2635366e+08
Row   408  4.2740122e+08  4.2740122e+08
Row   409  4.2844877e+08  4.2844877e+08
Row   410  4.2949632e+08  4.2949632e+08
Row   411  4.3054387e+08  4.3054387e+08
Row   412  4.3159142e+08  4.3159142e+08
Row   413  4.3263898e+08  4.3263898e+08
Row   414  4.3368653e+08  4.3368653e+08
Row   415  4.3473408e+08  4.3473408e+08
Row   416  4.3578163e+08  4.3578163e+08
Row   417  4.3682918e+08  4.3682918e+08
Row   418  4.3787674e+08  4.3787674e+08
Row   419  4.3892429e+08  4.3892429e+08
Row   420  4.3997184e+08  4.3997184e+08
Row   421  4.4101939e+08  4.4101939e+08
Row   422  4.4206694e+08  4.4206694e+08
Row   423  4.4311450e+08  4.4311450e+08
Row   424  4.4416205e+08  4.4416205e+08
Row   425  4.4520960e+08  4.4520960e+08
Row   426  4.4625715e+08  4.4625715e+08
Row   427  4.4730470e+08  4.4730470e+08
Row   428  4.4835226e+08  4.4835226e+08
Row   429  4.4939981e+08  4.4939981e+08
Row   430  4.5044736e+08  4.5044736e+08
Row   431  4.5149491e+08  4.5149491e+08
Row   432  4.5254246e+08  4.5254246e+08
Row   433  4.5359002e+08  4.5359002e+08
Row   434  4.5463757e+08  4.5463757e+08
Row   435  4.5568512e+08  4.5568512e+08
Row   436  4.5673267e+08  4.5673267e+08
Row   437  4.5778022e+08  4.5778022e+08
Row   438  4.5882778e+08  4.5882778e+08
Row   439  4.5987533e+08  4.5987533e+08
Row   440  4.6092288e+08  4.6092288e+08
Row   441  4.6197043e+08  4.6197043e+08
Row   442  4.6301798e+08  4.6301798e+08
Row   443  4.6406554e+08  4.6406554e+08
Row   444  4.6511309e+08  4.6511309e+08
Row   445  4.6616064e+08  4.6616064e+08
Row   446  4.6720819e+08  4.6720819e+08
Row   447  4.6825574e+08  4.6825574e+08
Row   448  4.6930330e+08  4.6930330e+08
Row   449  4.7035085e+08  4.7035085e+08
Row   450  4.7139840e+08  4.7139840e+08
Row   451  4.7244595e+08  4.7244595e+08
Row   452  4.7349350e+08  4.7349350e+08
Row   453  4.7454106e+08  4.7454106e+08
Row   454  4.7558861e+08  4.7558861e+08
Row   455  4.7663616e+08  4.7663616e+08
Row   456  4.7768371e+08  4.7768371e+08
Row   457  4.7873126e+08  4.7873126e+08
Row   458  4.7977882e+08  4.7977882e+08
Row   459  4.8082637e+08  4.8082637e+08
Row   460  4.8187392e+08  4.8187392e+08
Row   461  4.8292147e+08  4.8292147e+08
Row   462  4.8396902e+08  4.8396902e+08
Row   463  4.8501658e+08  4.8501658e+08
Row   464  4.8606413e+08  4.8606413e+08
Row   465  4.8711168e+08  4.8711168e+08
Row   466  4.8815923e+08  4.8815923e+08
Row   467  4.8920678e+08  4.8920678e+08
Row   468  4.9025434e+08  4.9025434e+08
Row   469  4.9130189e+08  4.9130189e+08
Row   470  4.9234944e+08  4.9234944e+08
Row   471  4.9339699e+08  4.9339699e+08
Row   472  4.9444454e+08  4.9444454e+08
Row   473  4.9549210e+08  4.9549210e+08
Row   474  4.9653965e+08  4.9653965e+08
Row   475  4.9758720e+08  4.9758720e+08
Row   476  4.9863475e+08  4.9863475e+08
Row   477  4.9968230e+08  4.9968230e+08
Row   478  5.0072986e+08  5.0072986e+08
Row   479  5.0177741e+08  5.0177741e+08
Row   480  5.0282496e+08  5.0282496e+08
Row   481  5.0387251e+08  5.0387251e+08
Row   482  5.0492006e+08  5.0492006e+08
Row   483  5.0596762e+08  5.0596762e+08
Row   484  5.0701517e+08  5.0701517e+08
Row   485  5.0806272e+08  5.0806272e+08
Row   486  5.0911027e+08  5.0911027e+08
Row   487  5.1015782e+08  5.1015782e+08
Row   488  5.1120538e+08  5.1120538e+08
Row   489  5.1225293e+08  5.1225293e+08
Row   490  5.1330048e+08  5.1330048e+08
Row   491  5.1434803e+08  5.1434803e+08
Row   492  5.1539558e+08  5.1539558e+08
Row   493  5.1644314e+08  5.1644314e+08
Row   494  5.1749069e+08  5.1749069e+08
Row   495  5.1853824e+08  5.1853824e+08
Row   496  5.1958579e+08  5.1958579e+08
Row   497  5.2063334e+08  5.2063334e+08
Row   498  5.2168090e+08  5.2168090e+08
Row   499  5.2272845e+08  5.2272845e+08
Row   500  5.2377600e+08  5.2377600e+08
Row   501  5.2482355e+08  5.2482355e+08
Row   502  5.2587110e+08  5.2587110e+08
Row   503  5.2691866e+08  5.2691866e+08
Row   504  5.2796621e+08  5.2796621e+08
Row   505  5.2901376e+08  5.2901376e+08
Row   506  5.3006131e+08  5.3006131e+08
Row   507  5.3110886e+08  5.3110886e+08
Row   508  5.3215642e+08  5.3215642e+08
Row   509  5.3320397e+08  5.3320397e+08
Row   510  5.3425152e+08  5.3425152e+08
Row   511  5.3529907e+08  5.3529907e+08
Row   512  5.3634662e+08  5.3634662e+08
Row   513  5.3739418e+08  5.3739418e+08
Row   514  5.3844173e+08  5.3844173e+08
Row   515  5.3948928e+08  5.3948928e+08
Row   516  5.4053683e+08  5.4053683e+08
Row   517  5.4158438e+08  5.4158438e+08
Row   518  5.4263194e+08  5.4263194e+08
Row   519  5.4367949e+08  5.4367949e+08
Row   520  5.4472704e+08  5.4472704e+08
Row   521  5.4577459e+08  5.4577459e+08
Row   522  5.4682214e+08  5.4682214e+08
Row   523  5.4786970e+08  5.4786970e+08
Row   524  5.4891725e+08  5.4891725e+08
Row   525  5.4996480e+08  5.4996480e+08
Row   526  5.5101235e+08  5.5101235e+08
Row   527  5.5205990e+08  5.5205990e+08
Row   528  5.5310746e+08  5.5310746e+08
Row   529  5.5415501e+08  5.5415501e+08
Row   530  5.5520256e+08  5.5520256e+08
Row   531  5.5625011e+08  5.5625011e+08
Row   532  5.5729766e+08  5.5729766e+08
Row   533  5.5834522e+08  5.5834522e+08
Row   534  5.5939277e+08  5.5939277e+08
Row   535  5.6044032e+08  5.6044032e+08
Row   536  5.6148787e+08  5.6148787e+08
Row   537  5.6253542e+08  5.6253542e+08
Row   538  5.6358298e+08  5.6358298e+08
Row   539  5.6463053e+08  5.6463053e+08
Row   540  5.6567808e+08  5.6567808e+08
Row   541  5.6672563e+08  5.6672563e+08
Row   542  5.6777318e+08  5.6777318e+08
Row   543  5.6882074e+08  5.6882074e+08
Row   544  5.6986829e+08  5.6986829e+08
Row   545  5.7091584e+08  5.7091584e+08
Row   546  5.7196339e+08  5.7196339e+08
Row   547  5.7301094e+08  5.7301094e+08
Row   548  5.7405850e+08  5.7405850e+08
Row   549  5.7510605e+08  5.7510605e+08
Row   550  5.7615360e+08  5.7615360e+08
Row   551  5.7720115e+08  5.7720115e+08
Row   552  5.7824870e+08  5.7824870e+08
Row   553  5.7929626e+08  5.7929626e+08
Row   554  5.8034381e+08  5.8034381e+08
Row   555  5.8139136e+08  5.8139136e+08
Row   556  5.8243891e+08  5.8243891e+08
Row   557  5.8348646e+08  5.8348646e+08
Row   558  5.8453402e+08  5.8453402e+08
Row   559  5.8558157e+08  5.8558157e+08
Row   560  5.8662912e+08  5.8662912e+08
Row   561  5.8767667e+08  5.8767667e+08
Row   562  5.8872422e+08  5.8872422e+08
Row   563  5.8977178e+08  5.8977178e+08
Row   564  5.9081933e+08  5.9081933e+08
Row   565  5.9186688e+08  5.9186688e+08
Row   566  5.9291443e+08  5.9291443e+08
Row   567  5.9396198e+08  5.9396198e+08
Row   568  5.9500954e+08  5.9500954e+08
Row   569  5.9605709e+08  5.9605709e+08
Row   570  5.9710464e+08  5.9710464e+08
Row   571  5.9815219e+08  5.9815219e+08
Row   572  5.9919974e+08  5.9919974e+08
Row   573  6.0024730e+08  6.0024730e+08
Row   574  6.0129485e+08  6.0129485e+08
Row   575  6.0234240e+08  6.0234240e+08
Row   576  6.0338995e+08  6.0338995e+08
Row   577  6.0443750e+08  6.0443750e+08
Row   578  6.0548506e+08  6.0548506e+08
Row   579  6.0653261e+08  6.0653261e+08
Row   580  6.0758016e+08  6.0758016e+08
Row   581  6.0862771e+08  6.0862771e+08
Row   582  6.0967526e+08  6.0967526e+08
Row   583  6.1072282e+08  6.1072282e+08
Row   584  6.1177037e+08  6.1177037e+08
Row   585  6.1281792e+08  6.1281792e+08
Row   586  6.1386547e+08  6.1386547e+08
Row   587  6.1491302e+08  6.1491302e+08
Row   588  6.1596058e+08  6.1596058e+08
Row   589  6.1700813e+08  6.1700813e+08
Row   590  6.1805568e+08  6.1805568e+08
Row   591  6.1910323e+08  6.1910323e+08
Row   592  6.2015078e+08  6.2015078e+08
Row   593  6.2119834e+08  6.2119834e+08
Row   594  6.2224589e+08  6.2224589e+08
Row   595  6.2329344e+08  6.2329344e+08
Row   596  6.2434099e+08  6.2434099e+08
Row   597  6.2538854e+08  6.2538854e+08
Row   598  6.2643610e+08  6.2643610e+08
Row   599  6.2748365e+08  6.2748365e+08
Row   600  6.2853120e+08  6.2853120e+08
Row   601  6.2957875e+08  6.2957875e+08
Row   602  6.3062630e+08  6.3062630e+08
Row   603  6.3167386e+08  6.3167386e+08
Row   604  6.3272141e+08  6.3272141e+08
Row   605  6.3376896e+08  6.3376896e+08
Row   606  6.3481651e+08  6.3481651e+08
Row   607  6.3586406e+08  6.3586406e+08
Row   608  6.3691162e+08  6.3691162e+08
Row   609  6.3795917e+08  6.3795917e+08
Row   610  6.3900672e+08  6.3900672e+08
Row   611  6.4005427e+08  6.4005427e+08
Row   612  6.4110182e+08  6.4110182e+08
Row   613  6.4214938e+08  6.4214938e+08
Row   614  6.4319693e+08  6.4319693e+08
Row   615  6.4424448e+08  6.4424448e+08
Row   616  6.4529203e+08  6.4529203e+08
Row   617  6.4633958e+08  6.4633958e+08
Row   618  6.4738714e+08  6.4738714e+08
Row   619  6.4843469e+08  6.4843469e+08
Row   620  6.4948224e+08  6.4948224e+08
Row   621  6.5052979e+08  6.5052979e+08
Row   622  6.5157734e+08  6.5157734e+08
Row   623  6.5262490e+08  6.5262490e+08
Row   624  6.5367245e+08  6.5367245e+08
Row   625  6.5472000e+08  6.5472000e+08
Row   626  6.5576755e+08  6.5576755e+08
Row   627  6.5681510e+08  6.5681510e+08
Row   628  6.5786266e+08  6.5786266e+08
Row   629  6.5891021e+08  6.5891021e+08
Row   630  6.5995776e+08  6.5995776e+08
Row   631  6.6100531e+08  6.6100531e+08
Row   632  6.6205286e+08  6.6205286e+08
Row   633  6.6310042e+08  6.6310042e+08
Row   634  6.6414797e+08  6.6414797e+08
Row   635  6.6519552e+08  6.6519552e+08
Row   636  6.6624307e+08  6.6624307e+08
Row   637  6.6729062e+08  6.6729062e+08
Row   638  6.6833818e+08  6.6833818e+08
Row   639  6.6938573e+08  6.6938573e+08
Row   640  6.7043328e+08  6.7043328e+08
Row   641  6.7148083e+08  6.7148083e+08
Row   642  6.7252838e+08  6.7252838e+08
Row   643  6.7357594e+08  6.7357594e+08
Row   644  6.7462349e+08  6.7462349e+08
Row   645  6.7567104e+08  6.7567104e+08
Row   646  6.7671859e+08  6.7671859e+08
Row   647  6.7776614e+08  6.7776614e+08
Row   648  6.7881370e+08  6.7881370e+08
Row   649  6.7986125e+08  6.7986125e+08
Row   650  6.8090880e+08  6.8090880e+08
Row   651  6.8195635e+08  6.8195635e+08
Row   652  6.8300390e+08  6.8300390e+08
Row   653  6.8405146e+08  6.8405146e+08
Row   654  6.8509901e+08  6.8509901e+08
Row   655  6.8614656e+08  6.8614656e+08
Row   656  6.8719411e+08  6.8719411e+08
Row   657  6.8824166e+08  6.8824166e+08
Row   658  6.8928922e+08  6.8928922e+08
Row   659  6.9033677e+08  6.9033677e+08
Row   660  6.9138432e+08  6.9138432e+08
Row   661  6.9243187e+08  6.9243187e+08
Row   662  6.9347942e+08  6.9347942e+08
Row   663  6.9452698e+08  6.9452698e+08
Row   664  6.9557453e+08  6.9557453e+08
Row   665  6.9662208e+08  6.9662208e+08
Row   666  6.9766963e+08  6.9766963e+08
Row   667  6.9871718e+08  6.9871718e+08
Row   668  6.9976474e+08  6.9976474e+08
Row   669  7.0081229e+08  7.0081229e+08
Row   670  7.0185984e+08  7.0185984e+08
Row   671  7.0290739e+08  7.0290739e+08
Row   672  7.0395494e+08  7.0395494e+08
Row   673  7.0500250e+08  7.0500250e+08
Row   674  7.0605005e+08  7.0605005e+08
Row   675  7.0709760e+08  7.0709760e+08
Row   676  7.0814515e+08  7.0814515e+08
Row   677  7.0919270e+08  7.0919270e+08
Row   678  7.1024026e+08  7.1024026e+08
Row   679  7.1128781e+08  7.1128781e+08
Row   680  7.1233536e+08  7.1233536e+08
Row   681  7.1338291e+08  7.1338291e+08
Row   682  7.1443046e+08  7.1443046e+08
Row   683  7.1547802e+08  7.1547802e+08
Row   684  7.1652557e+08  7.1652557e+08
Row   685  7.1757312e+08  7.1757312e+08
Row   686  7.1862067e+08  7.1862067e+08
Row   687  7.1966822e+08  7.1966822e+08
Row   688  7.2071578e+08  7.2071578e+08
Row   689  7.2176333e+08  7.2176333e+08
Row   690  7.2281088e+08  7.2281088e+08
Row   691  7.2385843e+08  7.2385843e+08
Row   692  7.2490598e+08  7.2490598e+08
Row   693  7.2595354e+08  7.2595354e+08
Row   694  7.2700109e+08  7.2700109e+08
Row   695  7.2804864e+08  7.2804864e+08
Row   696  7.2909619e+08  7.2909619e+08
Row   697  7.3014374e+08  7.3014374e+08
Row   698  7.3119130e+08  7.3119130e+08
Row   699  7.3223885e+08  7.3223885e+08
Row   700  7.3328640e+08  7.3328640e+08
Row   701  7.3433395e+08  7.3433395e+08
Row   702  7.3538150e+08  7.3538150e+08
Row   703  7.3642906e+08  7.3642906e+08
Row   704  7.3747661e+08  7.3747661e+08
Row   705  7.3852416e+08  7.3852416e+08
Row   706  7.3957171e+08  7.3957171e+08
Row   707  7.4061926e+08  7.4061926e+08
Row   708  7.4166682e+08  7.4166682e+08
Row   709  7.4271437e+08  7.4271437e+08
Row   710  7.4376192e+08  7.4376192e+08
Row   711  7.4480947e+08  7.4480947e+08
Row   712  7.4585702e+08  7.4585702e+08
Row   713  7.4690458e+08  7.4690458e+08
Row   714  7.4795213e+08  7.4795213e+08
Row   715  7.4899968e+08  7.4899968e+08
Row   716  7.5004723e+08  7.5004723e+08
Row   717  7.5109478e+08  7.5109478e+08
Row   718  7.5214234e+08  7.5214234e+08
Row   719  7.5318989e+08  7.5318989e+08
Row   720  7.5423744e+08  7.5423744e+08
Row   721  7.5528499e+08  7.5528499e+08
Row   722  7.5633254e+08  7.5633254e+08
Row   723  7.5738010e+08  7.5738010e+08
Row   724  7.5842765e+08  7.5842765e+08
Row   725  7.5947520e+08  7.5947520e+08
Row   726  7.6052275e+08  7.6052275e+08
Row   727  7.6157030e+08  7.6157030e+08
Row   728  7.6261786e+08  7.6261786e+08
Row   729  7.6366541e+08  7.6366541e+08
Row   730  7.6471296e+08  7.6471296e+08
Row   731  7.6576051e+08  7.6576051e+08
Row   732  7.6680806e+08  7.6680806e+08
Row   733  7.6785562e+08  7.6785562e+08
Row   734  7.6890317e+08  7.6890317e+08
Row   735  7.6995072e+08  7.6995072e+08
Row   736  7.7099827e+08  7.7099827e+08
Row   737  7.7204582e+08  7.7204582e+08
Row   738  7.7309338e+08  7.7309338e+08
Row   739  7.7414093e+08  7.7414093e+08
Row   740  7.7518848e+08  7.7518848e+08
Row   741  7.7623603e+08  7.7623603e+08
Row   742  7.7728358e+08  7.7728358e+08
Row   743  7.7833114e+08  7.7833114e+08
Row   744  7.7937869e+08  7.7937869e+08
Row   745  7.8042624e+08  7.8042624e+08
Row   746  7.8147379e+08  7.8147379e+08
Row   747  7.8252134e+08  7.8252134e+08
Row   748  7.8356890e+08  7.8356890e+08
Row   749  7.8461645e+08  7.8461645e+08
Row   750  7.8566400e+08  7.8566400e+08
Row   751  7.8671155e+08  7.8671155e+08
Row   752  7.8775910e+08  7.8775910e+08
Row   753  7.8880666e+08  7.8880666e+08
Row   754  7.8985421e+08  7.8985421e+08
Row   755  7.9090176e+08  7.9090176e+08
Row   756  7.9194931e+08  7.9194931e+08
Row   757  7.9299686e+08  7.9299686e+08
Row   758  7.9404442e+08  7.9404442e+08
Row   759  7.9509197e+08  7.9509197e+08
Row   760  7.9613952e+08  7.9613952e+08
Row   761  7.9718707e+08  7.9718707e+08
Row   762  7.9823462e+08  7.9823462e+08
Row   763  7.9928218e+08  7.9928218e+08
Row   764  8.0032973e+08  8.0032973e+08
Row   765  8.0137728e+08  8.0137728e+08
Row   766  8.0242483e+08  8.0242483e+08
Row   767  8.0347238e+08  8.0347238e+08
Row   768  8.0451994e+08  8.0451994e+08
Row   769  8.0556749e+08  8.0556749e+08
Row   770  8.0661504e+08  8.0661504e+08
Row   771  8.0766259e+08  8.0766259e+08
Row   772  8.0871014e+08  8.0871014e+08
Row   773  8.0975770e+08  8.0975770e+08
Row   774  8.1080525e+08  8.1080525e+08
Row   775  8.1185280e+08  8.1185280e+08
Row   776  8.1290035e+08  8.1290035e+08
Row   777  8.1394790e+08  8.1394790e+08
Row   778  8.1499546e+08  8.1499546e+08
Row   779  8.1604301e+08  8.1604301e+08
Row   780  8.1709056e+08  8.1709056e+08
Row   781  8.1813811e+08  8.1813811e+08
Row   782  8.1918566e+08  8.1918566e+08
Row   783  8.2023322e+08  8.2023322e+08
Row   784  8.2128077e+08  8.2128077e+08
Row   785  8.2232832e+08  8.2232832e+08
Row   786  8.2337587e+08  8.2337587e+08
Row   787  8.2442342e+08  8.2442342e+08
Row   788  8.2547098e+08  8.2547098e+08
Row   789  8.2651853e+08  8.2651853e+08
Row   790  8.2756608e+08  8.2756608e+08
Row   791  8.2861363e+08  8.2861363e+08
Row   792  8.2966118e+08  8.2966118e+08
Row   793  8.3070874e+08  8.3070874e+08
Row   794  8.3175629e+08  8.3175629e+08
Row   795  8.3280384e+08  8.3280384e+08
Row   796  8.3385139e+08  8.3385139e+08
Row   797  8.3489894e+08  8.3489894e+08
Row   798  8.3594650e+08  8.3594650e+08
Row   799  8.3699405e+08  8.3699405e+08
Row   800  8.3804160e+08  8.3804160e+08
Row   801  8.3908915e+08  8.3908915e+08
Row   802  8.4013670e+08  8.4013670e+08
Row   803  8.4118426e+08  8.4118426e+08
Row   804  8.4223181e+08  8.4223181e+08
Row   805  8.4327936e+08  8.4327936e+08
Row   806  8.4432691e+08  8.4432691e+08
Row   807  8.4537446e+08  8.4537446e+08
Row   808  8.4642202e+08  8.4642202e+08
Row   809  8.4746957e+08  8.4746957e+08
Row   810  8.4851712e+08  8.4851712e+08
Row   811  8.4956467e+08  8.4956467e+08
Row   812  8.5061222e+08  8.5061222e+08
Row   813  8.5165978e+08  8.5165978e+08
Row   814  8.5270733e+08  8.5270733e+08
Row   815  8.5375488e+08  8.5375488e+08
Row   816  8.5480243e+08  8.5480243e+08
Row   817  8.5584998e+08  8.5584998e+08
Row   818  8.5689754e+08  8.5689754e+08
Row   819  8.5794509e+08  8.5794509e+08
Row   820  8.5899264e+08  8.5899264e+08
Row   821  8.6004019e+08  8.6004019e+08
Row   822  8.6108774e+08  8.6108774e+08
Row   823  8.6213530e+08  8.6213530e+08
Row   824  8.6318285e+08  8.6318285e+08
Row   825  8.6423040e+08  8.6423040e+08
Row   826  8.6527795e+08  8.6527795e+08
Row   827  8.6632550e+08  8.6632550e+08
Row   828  8.6737306e+08  8.6737306e+08
Row   829  8.6842061e+08  8.6842061e+08
Row   830  8.6946816e+08  8.6946816e+08
Row   831  8.7051571e+08  8.7051571e+08
Row   832  8.7156326e+08  8.7156326e+08
Row   833  8.7261082e+08  8.7261082e+08
Row   834  8.7365837e+08  8.7365837e+08
Row   835  8.7470592e+08  8.7470592e+08
Row   836  8.7575347e+08  8.7575347e+08
Row   837  8.7680102e+08  8.7680102e+08
Row   838  8.7784858e+08  8.7784858e+08
Row   839  8.7889613e+08  8.7889613e+08
Row   840  8.7994368e+08  8.7994368e+08
Row   841  8.8099123e+08  8.8099123e+08
Row   842  8.8203878e+08  8.8203878e+08
Row   843  8.8308634e+08  8.8308634e+08
Row   844  8.8413389e+08  8.8413389e+08
Row   845  8.8518144e+08  8.8518144e+08
Row   846  8.8622899e+08  8.8622899e+08
Row   847  8.8727654e+08  8.8727654e+08
Row   848  8.8832410e+08  8.8832410e+08
Row   849  8.8937165e+08  8.8937165e+08
Row   850  8.9041920e+08  8.9041920e+08
Row   851  8.9146675e+08  8.9146675e+08
Row   852  8.9251430e+08  8.9251430e+08
Row   853  8.9356186e+08  8.9356186e+08
Row   854  8.9460941e+08  8.9460941e+08
Row   855  8.9565696e+08  8.9565696e+08
Row   856  8.9670451e+08  8.9670451e+08
Row   857  8.9775206e+08  8.9775206e+08
Row   858  8.9879962e+08  8.9879962e+08
Row   859  8.9984717e+08  8.9984717e+08
Row   860  9.0089472e+08  9.0089472e+08
Row   861  9.0194227e+08  9.0194227e+08
Row   862  9.0298982e+08  9.0298982e+08
Row   863  9.0403738e+08  9.0403738e+08
Row   864  9.0508493e+08  9.0508493e+08
Row   865  9.0613248e+08  9.0613248e+08
Row   866  9.0718003e+08  9.0718003e+08
Row   867  9.0822758e+08  9.0822758e+08
Row   868  9.0927514e+08  9.0927514e+08
Row   869  9.1032269e+08  9.1032269e+08
Row   870  9.1137024e+08  9.1137024e+08
Row   871  9.1241779e+08  9.1241779e+08
Row   872  9.1346534e+08  9.1346534e+08
Row   873  9.1451290e+08  9.1451290e+08
Row   874  9.1556045e+08  9.1556045e+08
Row   875  9.1660800e+08  9.1660800e+08
Row   876  9.1765555e+08  9.1765555e+08
Row   877  9.1870310e+08  9.1870310e+08
Row   878  9.1975066e+08  9.1975066e+08
Row   879  9.2079821e+08  9.2079821e+08
Row   880  9.2184576e+08  9.2184576e+08
Row   881  9.2289331e+08  9.2289331e+08
Row   882  9.2394086e+08  9.2394086e+08
Row   883  9.2498842e+08  9.2498842e+08
Row   884  9.2603597e+08  9.2603597e+08
Row   885  9.2708352e+08  9.2708352e+08
Row   886  9.2813107e+08  9.2813107e+08
Row   887  9.2917862e+08  9.2917862e+08
Row   888  9.3022618e+08  9.3022618e+08
Row   889  9.3127373e+08  9.3127373e+08
Row   890  9.3232128e+08  9.3232128e+08
Row   891  9.3336883e+08  9.3336883e+08
Row   892  9.3441638e+08  9.3441638e+08
Row   893  9.3546394e+08  9.3546394e+08
Row   894  9.3651149e+08  9.3651149e+08
Row   895  9.3755904e+08  9.3755904e+08
Row   896  9.3860659e+08  9.3860659e+08
Row   897  9.3965414e+08  9.3965414e+08
Row   898  9.4070170e+08  9.4070170e+08
Row   899  9.4174925e+08  9.4174925e+08
Row   900  9.4279680e+08  9.4279680e+08
Row   901  9.4384435e+08  9.4384435e+08
Row   902  9.4489190e+08  9.4489190e+08
Row   903  9.4593946e+08  9.4593946e+08
Row   904  9.4698701e+08  9.4698701e+08
Row   905  9.4803456e+08  9.4803456e+08
Row   906  9.4908211e+08  9.4908211e+08
Row   907  9.5012966e+08  9.5012966e+08
Row   908  9.5117722e+08  9.5117722e+08
Row   909  9.5222477e+08  9.5222477e+08
Row   910  9.5327232e+08  9.5327232e+08
Row   911  9.5431987e+08  9.5431987e+08
Row   912  9.5536742e+08  9.5536742e+08
Row   913  9.5641498e+08  9.5641498e+08
Row   914  9.5746253e+08  9.5746253e+08
Row   915  9.5851008e+08  9.5851008e+08
Row   916  9.5955763e+08  9.5955763e+08
Row   917  9.6060518e+08  9.6060518e+08
Row   918  9.6165274e+08  9.6165274e+08
Row   919  9.6270029e+08  9.6270029e+08
Row   920  9.6374784e+08  9.6374784e+08
Row   921  9.6479539e+08  9.6479539e+08
Row   922  9.6584294e+08  9.6584294e+08
Row   923  9.6689050e+08  9.6689050e+08
Row   924  9.6793805e+08  9.6793805e+08
Row   925  9.6898560e+08  9.6898560e+08
Row   926  9.7003315e+08  9.7003315e+08
Row   927  9.7108070e+08  9.7108070e+08
Row   928  9.7212826e+08  9.7212826e+08
Row   929  9.7317581e+08  9.7317581e+08
Row   930  9.7422336e+08  9.7422336e+08
Row   931  9.7527091e+08  9.7527091e+08
Row   932  9.7631846e+08  9.7631846e+08
Row   933  9.7736602e+08  9.7736602e+08
Row   934  9.7841357e+08  9.7841357e+08
Row   935  9.7946112e+08  9.7946112e+08
Row   936  9.8050867e+08  9.8050867e+08
Row   937  9.8155622e+08  9.8155622e+08
Row   938  9.8260378e+08  9.8260378e+08
Row   939  9.8365133e+08  9.8365133e+08
Row   940  9.8469888e+08  9.8469888e+08
Row   941  9.8574643e+08  9.8574643e+08
Row   942  9.8679398e+08  9.8679398e+08
Row   943  9.8784154e+08  9.8784154e+08
Row   944  9.8888909e+08  9.8888909e+08
Row   945  9.8993664e+08  9.8993664e+08
Row   946  9.9098419e+08  9.9098419e+08
Row   947  9.9203174e+08  9.9203174e+08
Row   948  9.9307930e+08  9.9307930e+08
Row   949  9.9412685e+08  9.9412685e+08
Row   950  9.9517440e+08  9.9517440e+08
Row   951  9.9622195e+08  9.9622195e+08
Row   952  9.9726950e+08  9.9726950e+08
Row   953  9.9831706e+08  9.9831706e+08
Row   954  9.9936461e+08  9.9936461e+08
Row   955  1.0004122e+09  1.0004122e+09
Row   956  1.0014597e+09  1.0014597e+09
Row   957  1.0025073e+09  1.0025073e+09
Row   958  1.0035548e+09  1.0035548e+09
Row   959  1.0046024e+09  1.0046024e+09
Row   960  1.0056499e+09  1.0056499e+09
Row   961  1.0066975e+09  1.0066975e+09
Row   962  1.0077450e+09  1.0077450e+09
Row   963  1.0087926e+09  1.0087926e+09
Row   964  1.0098401e+09  1.0098401e+09
Row   965  1.0108877e+09  1.0108877e+09
Row   966  1.0119352e+09  1.0119352e+09
Row   967  1.0129828e+09  1.0129828e+09
Row   968  1.0140303e+09  1.0140303e+09
Row   969  1.0150779e+09  1.0150779e+09
Row   970  1.0161254e+09  1.0161254e+09
Row   971  1.0171730e+09  1.0171730e+09
Row   972  1.0182205e+09  1.0182205e+09
Row   973  1.0192681e+09  1.0192681e+09
Row   974  1.0203156e+09  1.0203156e+09
Row   975  1.0213632e+09  1.0213632e+09
Row   976  1.0224108e+09  1.0224108e+09
Row   977  1.0234583e+09  1.0234583e+09
Row   978  1.0245059e+09  1.0245059e+09
Row   979  1.0255534e+09  1.0255534e+09
Row   980  1.0266010e+09  1.0266010e+09
Row   981  1.0276485e+09  1.0276485e+09
Row   982  1.0286961e+09  1.0286961e+09
Row   983  1.0297436e+09  1.0297436e+09
Row   984  1.0307912e+09  1.0307912e+09
Row   985  1.0318387e+09  1.0318387e+09
Row   986  1.0328863e+09  1.0328863e+09
Row   987  1.0339338e+09  1.0339338e+09
Row   988  1.0349814e+09  1.0349814e+09
Row   989  1.0360289e+09  1.0360289e+09
Row   990  1.0370765e+09  1.0370765e+09
Row   991  1.0381240e+09  1.0381240e+09
Row   992  1.0391716e+09  1.0391716e+09
Row   993  1.0402191e+09  1.0402191e+09
Row   994  1.0412667e+09  1.0412667e+09
Row   995  1.0423142e+09  1.0423142e+09
Row   996  1.0433618e+09  1.0433618e+09
Row   997  1.0444093e+09  1.0444093e+09
Row   998  1.0454569e+09  1.0454569e+09
Row   999  1.0465044e+09  1.0465044e+09
Row  1000  1.0475520e+09  1.0475520e+09
Row  1001  1.0485996e+09  1.0485996e+09
Row  1002  1.0496471e+09  1.0496471e+09
Row  1003  1.0506947e+09  1.0506947e+09
Row  1004  1.0517422e+09  1.0517422e+09
Row  1005  1.0527898e+09  1.0527898e+09
Row  1006  1.0538373e+09  1.0538373e+09
Row  1007  1.0548849e+09  1.0548849e+09
Row  1008  1.0559324e+09  1.0559324e+09
Row  1009  1.0569800e+09  1.0569800e+09
Row  1010  1.0580275e+09  1.0580275e+09
Row  1011  1.0590751e+09  1.0590751e+09
Row  1012  1.0601226e+09  1.0601226e+09
Row  1013  1.0611702e+09  1.0611702e+09
Row  1014  1.0622177e+09  1.0622177e+09
Row  1015  1.0632653e+09  1.0632653e+09
Row  1016  1.0643128e+09  1.0643128e+09
Row  1017  1.0653604e+09  1.0653604e+09
Row  1018  1.0664079e+09  1.0664079e+09
Row  1019  1.0674555e+09  1.0674555e+09
Row  1020  1.0685030e+09  1.0685030e+09
Row  1021  1.0695506e+09  1.0695506e+09
Row  1022  1.0705981e+09  1.0705981e+09
Row  1023  1.0716457e+09  1.0716457e+09
No. rows 1024, and correct rows 1024
==3875535== Profiling application: ./a.out
==3875535== Profiling result:
            Type  Time(%)      Time     Calls       Avg       Min       Max  Name
 GPU activities:   97.75%  1.6240ms         3  541.32us  2.2400us  1.6195ms  [CUDA memcpy HtoD]
                    2.12%  35.168us         1  35.168us  35.168us  35.168us  myKernel(int, int, double, double*, double*, double*)
                    0.13%  2.2400us         1  2.2400us  2.2400us  2.2400us  [CUDA memcpy DtoH]
      API calls:   97.97%  113.74ms         3  37.914ms  3.3690us  113.67ms  cudaMalloc
                    1.58%  1.8294ms         4  457.34us  10.440us  1.7611ms  cudaMemcpy
                    0.16%  181.34us         3  60.448us  5.2840us  121.41us  cudaFree
                    0.09%  101.07us       101  1.0000us     122ns  42.037us  cuDeviceGetAttribute
                    0.07%  77.814us         1  77.814us  77.814us  77.814us  cudaGetDeviceProperties
                    0.06%  71.746us         1  71.746us  71.746us  71.746us  cudaDeviceSynchronize
                    0.03%  35.593us         1  35.593us  35.593us  35.593us  cudaLaunchKernel
                    0.02%  26.515us         1  26.515us  26.515us  26.515us  cuDeviceGetName
                    0.02%  18.751us         1  18.751us  18.751us  18.751us  cudaGetDevice
                    0.01%  7.4380us         1  7.4380us  7.4380us  7.4380us  cuDeviceGetPCIBusId
                    0.01%  5.9880us         1  5.9880us  5.9880us  5.9880us  cudaGetDeviceCount
                    0.00%  1.1690us         3     389ns     196ns     749ns  cuDeviceGetCount
                    0.00%     756ns         2     378ns     176ns     580ns  cuDeviceGet
                    0.00%     288ns         1     288ns     288ns     288ns  cuDeviceGetUuid
                    0.00%     244ns         1     244ns     244ns     244ns  cuDeviceTotalMem
                    0.00%     219ns         1     219ns     219ns     219ns  cudaPeekAtLastError
