Loading nvidia/nvhpc/22.11
  Loading requirement: gcc/8.2.0
==3793533== NVPROF is profiling process 3793533, command: ./a.out
Device 0 name: Tesla V100-SXM2-16GB
Maximum number of threads per block: 1024
Results:
Number rows x cols     524288; correct:     524288
==3793533== Profiling application: ./a.out
==3793533== Profiling result:
            Type  Time(%)      Time     Calls       Avg       Min       Max  Name
 GPU activities:   98.14%  1.2036ms         1  1.2036ms  1.2036ms  1.2036ms  [CUDA memcpy DtoH]
                    0.88%  10.848us         1  10.848us  10.848us  10.848us  [CUDA memset]
                    0.64%  7.8720us         1  7.8720us  7.8720us  7.8720us  myKernel(int, int, double, double*, double*, double*)
                    0.33%  4.0320us         2  2.0160us  1.7920us  2.2400us  [CUDA memcpy HtoD]
      API calls:   97.67%  114.46ms         3  38.152ms  3.0370us  114.38ms  cudaMalloc
                    1.92%  2.2490ms         3  749.67us  8.8370us  2.2086ms  cudaMemcpy
                    0.15%  177.80us         3  59.267us  9.5330us  112.13us  cudaFree
                    0.09%  102.19us       101  1.0110us     126ns  44.200us  cuDeviceGetAttribute
                    0.07%  77.459us         1  77.459us  77.459us  77.459us  cudaGetDeviceProperties
                    0.03%  34.490us         1  34.490us  34.490us  34.490us  cudaMemset
                    0.02%  23.387us         1  23.387us  23.387us  23.387us  cudaLaunchKernel
                    0.02%  23.135us         1  23.135us  23.135us  23.135us  cudaGetDevice
                    0.02%  19.017us         1  19.017us  19.017us  19.017us  cuDeviceGetName
                    0.01%  10.938us         1  10.938us  10.938us  10.938us  cudaDeviceSynchronize
                    0.01%  7.0470us         1  7.0470us  7.0470us  7.0470us  cuDeviceGetPCIBusId
                    0.01%  6.2540us         1  6.2540us  6.2540us  6.2540us  cudaGetDeviceCount
                    0.00%     983ns         3     327ns     161ns     646ns  cuDeviceGetCount
                    0.00%     629ns         2     314ns     174ns     455ns  cuDeviceGet
                    0.00%     438ns         1     438ns     438ns     438ns  cuDeviceTotalMem
                    0.00%     299ns         1     299ns     299ns     299ns  cudaPeekAtLastError
                    0.00%     230ns         1     230ns     230ns     230ns  cuDeviceGetUuid
