Loading nvidia/nvhpc/22.11
  Loading requirement: gcc/8.2.0
==3792930== NVPROF is profiling process 3792930, command: ./a.out
Device 0 name: Tesla V100-SXM2-16GB
Maximum number of threads per block: 1024
Results:
Number rows x cols     524288; correct:     524288
==3792930== Profiling application: ./a.out
==3792930== Profiling result:
            Type  Time(%)      Time     Calls       Avg       Min       Max  Name
 GPU activities:   98.54%  1.5504ms         1  1.5504ms  1.5504ms  1.5504ms  [CUDA memcpy DtoH]
                    0.68%  10.720us         1  10.720us  10.720us  10.720us  [CUDA memset]
                    0.52%  8.1600us         1  8.1600us  8.1600us  8.1600us  myKernel(int, int, double, double*, double*, double*)
                    0.26%  4.0650us         2  2.0320us  1.7930us  2.2720us  [CUDA memcpy HtoD]
      API calls:   97.68%  114.16ms         3  38.053ms  2.9800us  114.09ms  cudaMalloc
                    1.90%  2.2152ms         3  738.39us  9.5330us  2.1769ms  cudaMemcpy
                    0.16%  181.85us         3  60.615us  9.3700us  115.22us  cudaFree
                    0.09%  102.03us       101  1.0100us     122ns  44.057us  cuDeviceGetAttribute
                    0.07%  77.678us         1  77.678us  77.678us  77.678us  cudaGetDeviceProperties
                    0.03%  38.981us         1  38.981us  38.981us  38.981us  cudaMemset
                    0.02%  23.197us         1  23.197us  23.197us  23.197us  cudaLaunchKernel
                    0.02%  22.523us         1  22.523us  22.523us  22.523us  cudaGetDevice
                    0.02%  20.116us         1  20.116us  20.116us  20.116us  cuDeviceGetName
                    0.01%  10.541us         1  10.541us  10.541us  10.541us  cudaDeviceSynchronize
                    0.01%  7.0640us         1  7.0640us  7.0640us  7.0640us  cuDeviceGetPCIBusId
                    0.01%  6.1680us         1  6.1680us  6.1680us  6.1680us  cudaGetDeviceCount
                    0.00%  1.3590us         3     453ns     200ns     925ns  cuDeviceGetCount
                    0.00%     636ns         2     318ns     158ns     478ns  cuDeviceGet
                    0.00%     323ns         1     323ns     323ns     323ns  cuDeviceTotalMem
                    0.00%     293ns         1     293ns     293ns     293ns  cudaPeekAtLastError
                    0.00%     206ns         1     206ns     206ns     206ns  cuDeviceGetUuid
