Loading nvidia/nvhpc/22.11
  Loading requirement: gcc/8.2.0
==3815129== NVPROF is profiling process 3815129, command: ./a.out
Result for device dot product is:  1.5011827e+15 (correct  1.5011827e+15)
Correct.
==3815129== Profiling application: ./a.out
==3815129== Profiling result:
            Type  Time(%)      Time     Calls       Avg       Min       Max  Name
 GPU activities:   80.00%  175.39us         2  87.695us  87.615us  87.776us  [CUDA memcpy HtoD]
                   19.08%  41.824us         1  41.824us  41.824us  41.824us  ddot(int, double*, double*, double*)
                    0.92%  2.0160us         1  2.0160us  2.0160us  2.0160us  [CUDA memcpy DtoH]
      API calls:   99.30%  112.39ms         3  37.462ms  3.2500us  112.28ms  cudaMalloc
                    0.50%  564.38us         3  188.13us  21.545us  308.98us  cudaMemcpy
                    0.10%  111.11us       101  1.1000us     124ns  44.596us  cuDeviceGetAttribute
                    0.03%  39.164us         1  39.164us  39.164us  39.164us  cudaDeviceSynchronize
                    0.03%  34.595us         1  34.595us  34.595us  34.595us  cudaLaunchKernel
                    0.02%  18.485us         1  18.485us  18.485us  18.485us  cuDeviceGetName
                    0.01%  12.178us         1  12.178us  12.178us  12.178us  cudaFree
                    0.01%  7.0190us         1  7.0190us  7.0190us  7.0190us  cuDeviceGetPCIBusId
                    0.00%  4.2390us         2  2.1190us     130ns  4.1090us  cuDeviceGet
                    0.00%  1.5920us         1  1.5920us  1.5920us  1.5920us  cudaPeekAtLastError
                    0.00%  1.3970us         3     465ns     165ns  1.0210us  cuDeviceGetCount
                    0.00%     271ns         1     271ns     271ns     271ns  cuDeviceTotalMem
                    0.00%     222ns         1     222ns     222ns     222ns  cuDeviceGetUuid
